mode: set
github.com/tinywasm/sqlite/adapter.go:25.40,27.16 2 1
github.com/tinywasm/sqlite/adapter.go:27.16,29.3 1 0
github.com/tinywasm/sqlite/adapter.go:31.2,31.34 1 1
github.com/tinywasm/sqlite/adapter.go:31.34,33.3 1 0
github.com/tinywasm/sqlite/adapter.go:35.2,42.19 6 1
github.com/tinywasm/sqlite/adapter.go:46.30,49.8 3 1
github.com/tinywasm/sqlite/adapter.go:49.8,51.3 1 1
github.com/tinywasm/sqlite/adapter.go:52.2,54.9 2 1
github.com/tinywasm/sqlite/adapter.go:54.9,56.3 1 1
github.com/tinywasm/sqlite/adapter.go:58.2,58.24 1 1
github.com/tinywasm/sqlite/adapter.go:62.59,67.9 4 1
github.com/tinywasm/sqlite/adapter.go:67.9,69.3 1 1
github.com/tinywasm/sqlite/adapter.go:71.2,71.40 1 1
github.com/tinywasm/sqlite/adapter.go:75.39,77.2 1 1
github.com/tinywasm/sqlite/adapter.go:80.66,83.2 2 1
github.com/tinywasm/sqlite/execute.go:13.113,15.16 2 1
github.com/tinywasm/sqlite/execute.go:15.16,17.3 1 1
github.com/tinywasm/sqlite/execute.go:19.2,19.18 1 1
github.com/tinywasm/sqlite/execute.go:20.60,22.17 2 1
github.com/tinywasm/sqlite/execute.go:22.17,24.4 1 1
github.com/tinywasm/sqlite/execute.go:25.3,25.13 1 1
github.com/tinywasm/sqlite/execute.go:27.25,29.51 2 1
github.com/tinywasm/sqlite/execute.go:29.51,30.28 1 1
github.com/tinywasm/sqlite/execute.go:30.28,32.5 1 1
github.com/tinywasm/sqlite/execute.go:33.4,33.14 1 1
github.com/tinywasm/sqlite/execute.go:35.3,35.13 1 1
github.com/tinywasm/sqlite/execute.go:37.25,39.17 2 1
github.com/tinywasm/sqlite/execute.go:39.17,41.4 1 1
github.com/tinywasm/sqlite/execute.go:42.3,44.19 2 1
github.com/tinywasm/sqlite/execute.go:44.19,46.60 2 1
github.com/tinywasm/sqlite/execute.go:46.60,48.5 1 1
github.com/tinywasm/sqlite/execute.go:49.4,49.18 1 1
github.com/tinywasm/sqlite/execute.go:51.3,51.20 1 1
github.com/tinywasm/sqlite/execute.go:53.10,54.70 1 0
github.com/tinywasm/sqlite/strings.go:5.46,6.20 1 1
github.com/tinywasm/sqlite/strings.go:7.9,8.12 1 0
github.com/tinywasm/sqlite/strings.go:9.9,10.18 1 1
github.com/tinywasm/sqlite/strings.go:12.2,13.26 2 1
github.com/tinywasm/sqlite/strings.go:13.26,15.3 1 1
github.com/tinywasm/sqlite/strings.go:17.2,19.30 3 1
github.com/tinywasm/sqlite/strings.go:19.30,22.3 2 1
github.com/tinywasm/sqlite/strings.go:23.2,23.18 1 1
github.com/tinywasm/sqlite/translate.go:12.57,13.18 1 1
github.com/tinywasm/sqlite/translate.go:14.24,15.24 1 1
github.com/tinywasm/sqlite/translate.go:16.44,17.24 1 1
github.com/tinywasm/sqlite/translate.go:18.24,19.24 1 1
github.com/tinywasm/sqlite/translate.go:20.24,21.24 1 1
github.com/tinywasm/sqlite/translate.go:22.10,23.81 1 1
github.com/tinywasm/sqlite/translate.go:27.54,28.19 1 1
github.com/tinywasm/sqlite/translate.go:28.19,30.3 1 1
github.com/tinywasm/sqlite/translate.go:31.2,31.25 1 1
github.com/tinywasm/sqlite/translate.go:31.25,33.3 1 1
github.com/tinywasm/sqlite/translate.go:35.2,37.30 3 1
github.com/tinywasm/sqlite/translate.go:37.30,39.3 1 1
github.com/tinywasm/sqlite/translate.go:40.2,43.27 3 1
github.com/tinywasm/sqlite/translate.go:46.54,47.19 1 1
github.com/tinywasm/sqlite/translate.go:47.19,49.3 1 0
github.com/tinywasm/sqlite/translate.go:52.2,57.33 4 1
github.com/tinywasm/sqlite/translate.go:57.33,59.12 2 1
github.com/tinywasm/sqlite/translate.go:59.12,61.4 1 0
github.com/tinywasm/sqlite/translate.go:62.3,63.33 2 1
github.com/tinywasm/sqlite/translate.go:66.2,67.27 2 1
github.com/tinywasm/sqlite/translate.go:67.27,69.3 1 1
github.com/tinywasm/sqlite/translate.go:71.2,72.24 2 1
github.com/tinywasm/sqlite/translate.go:72.24,74.3 1 1
github.com/tinywasm/sqlite/translate.go:76.2,77.24 2 1
github.com/tinywasm/sqlite/translate.go:77.24,79.31 2 1
github.com/tinywasm/sqlite/translate.go:79.31,81.4 1 1
github.com/tinywasm/sqlite/translate.go:82.3,82.49 1 1
github.com/tinywasm/sqlite/translate.go:85.2,86.17 2 1
github.com/tinywasm/sqlite/translate.go:86.17,88.3 1 1
github.com/tinywasm/sqlite/translate.go:90.2,91.18 2 1
github.com/tinywasm/sqlite/translate.go:91.18,93.3 1 0
github.com/tinywasm/sqlite/translate.go:95.2,96.23 2 1
github.com/tinywasm/sqlite/translate.go:99.54,100.19 1 1
github.com/tinywasm/sqlite/translate.go:100.19,102.3 1 0
github.com/tinywasm/sqlite/translate.go:103.2,103.25 1 1
github.com/tinywasm/sqlite/translate.go:103.25,105.3 1 1
github.com/tinywasm/sqlite/translate.go:107.2,110.32 3 1
github.com/tinywasm/sqlite/translate.go:110.32,113.3 2 1
github.com/tinywasm/sqlite/translate.go:115.2,116.33 2 1
github.com/tinywasm/sqlite/translate.go:116.33,118.12 2 1
github.com/tinywasm/sqlite/translate.go:118.12,120.4 1 0
github.com/tinywasm/sqlite/translate.go:121.3,122.33 2 1
github.com/tinywasm/sqlite/translate.go:125.2,126.27 2 1
github.com/tinywasm/sqlite/translate.go:126.27,128.3 1 1
github.com/tinywasm/sqlite/translate.go:130.2,131.23 2 1
github.com/tinywasm/sqlite/translate.go:134.54,135.19 1 1
github.com/tinywasm/sqlite/translate.go:135.19,137.3 1 0
github.com/tinywasm/sqlite/translate.go:139.2,142.33 3 1
github.com/tinywasm/sqlite/translate.go:142.33,144.12 2 1
github.com/tinywasm/sqlite/translate.go:144.12,146.4 1 0
github.com/tinywasm/sqlite/translate.go:147.3,148.33 2 1
github.com/tinywasm/sqlite/translate.go:151.2,152.27 2 1
github.com/tinywasm/sqlite/translate.go:152.27,154.3 1 1
github.com/tinywasm/sqlite/translate.go:156.2,157.23 2 1
github.com/tinywasm/sqlite/tx.go:13.56,15.16 2 1
github.com/tinywasm/sqlite/tx.go:15.16,17.3 1 1
github.com/tinywasm/sqlite/tx.go:18.2,18.36 1 1
github.com/tinywasm/sqlite/tx.go:27.40,29.2 1 1
github.com/tinywasm/sqlite/tx.go:32.42,34.2 1 1
github.com/tinywasm/sqlite/tx.go:37.113,39.16 2 1
github.com/tinywasm/sqlite/tx.go:39.16,41.3 1 1
github.com/tinywasm/sqlite/tx.go:43.2,43.18 1 1
github.com/tinywasm/sqlite/tx.go:44.60,46.17 2 1
github.com/tinywasm/sqlite/tx.go:46.17,48.4 1 1
github.com/tinywasm/sqlite/tx.go:49.3,49.13 1 1
github.com/tinywasm/sqlite/tx.go:51.25,53.51 2 1
github.com/tinywasm/sqlite/tx.go:53.51,54.28 1 1
github.com/tinywasm/sqlite/tx.go:54.28,56.5 1 1
github.com/tinywasm/sqlite/tx.go:57.4,57.14 1 1
github.com/tinywasm/sqlite/tx.go:59.3,59.13 1 0
github.com/tinywasm/sqlite/tx.go:61.25,63.17 2 1
github.com/tinywasm/sqlite/tx.go:63.17,65.4 1 1
github.com/tinywasm/sqlite/tx.go:66.3,68.19 2 1
github.com/tinywasm/sqlite/tx.go:68.19,70.60 2 0
github.com/tinywasm/sqlite/tx.go:70.60,72.5 1 0
github.com/tinywasm/sqlite/tx.go:73.4,73.18 1 0
github.com/tinywasm/sqlite/tx.go:75.3,75.20 1 1
github.com/tinywasm/sqlite/tx.go:77.10,78.70 1 0
